[2024-07-20T16:00:24.202+0000] {manager.py:470} INFO - Processing files using up to 1 processes at a time 
[2024-07-20T16:00:24.203+0000] {manager.py:471} INFO - Process each file at most once every 30 seconds
[2024-07-20T16:00:24.203+0000] {manager.py:472} INFO - Checking for new files in /opt/airflow/dags every 300 seconds
[2024-07-20T16:00:24.204+0000] {manager.py:737} INFO - Searching for files in /opt/airflow/dags
[2024-07-20T16:00:24.206+0000] {manager.py:740} INFO - There are 0 files in /opt/airflow/dags
[2024-07-20T16:05:24.732+0000] {manager.py:737} INFO - Searching for files in /opt/airflow/dags
[2024-07-20T16:05:24.734+0000] {manager.py:740} INFO - There are 0 files in /opt/airflow/dags
[2024-07-20T16:10:25.357+0000] {manager.py:737} INFO - Searching for files in /opt/airflow/dags
[2024-07-20T16:10:25.384+0000] {manager.py:740} INFO - There are 0 files in /opt/airflow/dags
[2024-07-20T16:15:25.395+0000] {manager.py:737} INFO - Searching for files in /opt/airflow/dags
[2024-07-20T16:15:25.447+0000] {manager.py:740} INFO - There are 0 files in /opt/airflow/dags
[2024-07-20T16:20:25.420+0000] {manager.py:737} INFO - Searching for files in /opt/airflow/dags
[2024-07-20T16:20:25.454+0000] {manager.py:740} INFO - There are 0 files in /opt/airflow/dags
[2024-07-20T16:28:03.235+0000] {manager.py:737} INFO - Searching for files in /opt/airflow/dags
[2024-07-20T16:28:03.273+0000] {manager.py:740} INFO - There are 0 files in /opt/airflow/dags
[2024-07-20T16:33:03.249+0000] {manager.py:737} INFO - Searching for files in /opt/airflow/dags
[2024-07-20T16:33:03.263+0000] {manager.py:740} INFO - There are 0 files in /opt/airflow/dags
[2024-07-20T16:38:03.475+0000] {manager.py:737} INFO - Searching for files in /opt/airflow/dags
[2024-07-20T16:38:03.484+0000] {manager.py:740} INFO - There are 0 files in /opt/airflow/dags
[2024-07-20T16:43:03.795+0000] {manager.py:737} INFO - Searching for files in /opt/airflow/dags
[2024-07-20T16:43:03.807+0000] {manager.py:740} INFO - There are 0 files in /opt/airflow/dags
[2024-07-20T16:48:03.963+0000] {manager.py:737} INFO - Searching for files in /opt/airflow/dags
[2024-07-20T16:48:04.013+0000] {manager.py:740} INFO - There are 1 files in /opt/airflow/dags
[2024-07-20T16:48:15.448+0000] {manager.py:878} INFO - 
================================================================================
DAG File Processing Stats

File Path                         PID    Runtime      # DAGs    # Errors  Last Runtime    Last Run
--------------------------------  -----  ---------  --------  ----------  --------------  -------------------
/opt/airflow/dags/welcome_dag.py                           1           0  1.02s           2024-07-20T16:48:05
================================================================================
[2024-07-20T16:48:45.602+0000] {manager.py:878} INFO - 
================================================================================
DAG File Processing Stats

File Path                         PID    Runtime      # DAGs    # Errors  Last Runtime    Last Run
--------------------------------  -----  ---------  --------  ----------  --------------  -------------------
/opt/airflow/dags/welcome_dag.py                           1           0  0.31s           2024-07-20T16:48:35
================================================================================
[2024-07-20T16:49:15.883+0000] {manager.py:878} INFO - 
================================================================================
DAG File Processing Stats

File Path                         PID    Runtime      # DAGs    # Errors  Last Runtime    Last Run
--------------------------------  -----  ---------  --------  ----------  --------------  -------------------
/opt/airflow/dags/welcome_dag.py                           1           0  0.41s           2024-07-20T16:49:06
================================================================================
[2024-07-20T16:49:46.105+0000] {manager.py:878} INFO - 
================================================================================
DAG File Processing Stats

File Path                         PID    Runtime      # DAGs    # Errors  Last Runtime    Last Run
--------------------------------  -----  ---------  --------  ----------  --------------  -------------------
/opt/airflow/dags/welcome_dag.py                           1           0  0.31s           2024-07-20T16:49:37
================================================================================
[2024-07-20T16:50:16.836+0000] {manager.py:878} INFO - 
================================================================================
DAG File Processing Stats

File Path                         PID    Runtime      # DAGs    # Errors  Last Runtime    Last Run
--------------------------------  -----  ---------  --------  ----------  --------------  -------------------
/opt/airflow/dags/welcome_dag.py                           1           0  0.32s           2024-07-20T16:50:08
================================================================================
[2024-07-20T16:50:47.393+0000] {manager.py:878} INFO - 
================================================================================
DAG File Processing Stats

File Path                         PID    Runtime      # DAGs    # Errors  Last Runtime    Last Run
--------------------------------  -----  ---------  --------  ----------  --------------  -------------------
/opt/airflow/dags/welcome_dag.py                           1           0  0.31s           2024-07-20T16:50:44
================================================================================
[2024-07-20T16:51:18.069+0000] {manager.py:878} INFO - 
================================================================================
DAG File Processing Stats

File Path                         PID    Runtime      # DAGs    # Errors  Last Runtime    Last Run
--------------------------------  -----  ---------  --------  ----------  --------------  -------------------
/opt/airflow/dags/welcome_dag.py                           1           0  0.30s           2024-07-20T16:51:14
================================================================================
[2024-07-20T16:51:48.603+0000] {manager.py:878} INFO - 
================================================================================
DAG File Processing Stats

File Path                         PID    Runtime      # DAGs    # Errors  Last Runtime    Last Run
--------------------------------  -----  ---------  --------  ----------  --------------  -------------------
/opt/airflow/dags/welcome_dag.py                           1           0  0.41s           2024-07-20T16:51:45
================================================================================
[2024-07-20T16:52:21.453+0000] {manager.py:878} INFO - 
================================================================================
DAG File Processing Stats

File Path                         PID    Runtime      # DAGs    # Errors  Last Runtime    Last Run
--------------------------------  -----  ---------  --------  ----------  --------------  -------------------
/opt/airflow/dags/welcome_dag.py                           1           0  0.30s           2024-07-20T16:52:21
================================================================================
[2024-07-20T16:52:52.183+0000] {manager.py:878} INFO - 
================================================================================
DAG File Processing Stats

File Path                         PID    Runtime      # DAGs    # Errors  Last Runtime    Last Run
--------------------------------  -----  ---------  --------  ----------  --------------  -------------------
/opt/airflow/dags/welcome_dag.py                           1           0  0.30s           2024-07-20T16:52:52
================================================================================
[2024-07-20T16:53:04.728+0000] {manager.py:737} INFO - Searching for files in /opt/airflow/dags
[2024-07-20T16:53:04.753+0000] {manager.py:740} INFO - There are 1 files in /opt/airflow/dags
[2024-07-20T16:53:22.708+0000] {manager.py:878} INFO - 
================================================================================
DAG File Processing Stats

File Path                         PID    Runtime      # DAGs    # Errors  Last Runtime    Last Run
--------------------------------  -----  ---------  --------  ----------  --------------  -------------------
/opt/airflow/dags/welcome_dag.py                           1           0  0.30s           2024-07-20T16:53:22
================================================================================
[2024-07-20T16:53:53.470+0000] {manager.py:878} INFO - 
================================================================================
DAG File Processing Stats

File Path                         PID    Runtime      # DAGs    # Errors  Last Runtime    Last Run
--------------------------------  -----  ---------  --------  ----------  --------------  -------------------
/opt/airflow/dags/welcome_dag.py                           1           0  0.31s           2024-07-20T16:53:53
================================================================================
[2024-07-20T16:54:24.091+0000] {manager.py:878} INFO - 
================================================================================
DAG File Processing Stats

File Path                         PID    Runtime      # DAGs    # Errors  Last Runtime    Last Run
--------------------------------  -----  ---------  --------  ----------  --------------  -------------------
/opt/airflow/dags/welcome_dag.py                           1           0  0.31s           2024-07-20T16:54:24
================================================================================
[2024-07-20T16:54:54.768+0000] {manager.py:878} INFO - 
================================================================================
DAG File Processing Stats

File Path                         PID    Runtime      # DAGs    # Errors  Last Runtime    Last Run
--------------------------------  -----  ---------  --------  ----------  --------------  -------------------
/opt/airflow/dags/welcome_dag.py                           1           0  0.30s           2024-07-20T16:54:54
================================================================================
[2024-07-20T16:55:25.674+0000] {manager.py:878} INFO - 
================================================================================
DAG File Processing Stats

File Path                         PID    Runtime      # DAGs    # Errors  Last Runtime    Last Run
--------------------------------  -----  ---------  --------  ----------  --------------  -------------------
/opt/airflow/dags/welcome_dag.py                           1           0  0.30s           2024-07-20T16:55:25
================================================================================
[2024-07-20T16:55:56.538+0000] {manager.py:878} INFO - 
================================================================================
DAG File Processing Stats

File Path                         PID    Runtime      # DAGs    # Errors  Last Runtime    Last Run
--------------------------------  -----  ---------  --------  ----------  --------------  -------------------
/opt/airflow/dags/welcome_dag.py                           1           0  0.30s           2024-07-20T16:55:56
================================================================================
[2024-07-20T16:56:26.926+0000] {manager.py:878} INFO - 
================================================================================
DAG File Processing Stats

File Path                         PID    Runtime      # DAGs    # Errors  Last Runtime    Last Run
--------------------------------  -----  ---------  --------  ----------  --------------  -------------------
/opt/airflow/dags/welcome_dag.py                           1           0  0.31s           2024-07-20T16:56:26
================================================================================
[2024-07-20T16:56:58.139+0000] {manager.py:878} INFO - 
================================================================================
DAG File Processing Stats

File Path                         PID    Runtime      # DAGs    # Errors  Last Runtime    Last Run
--------------------------------  -----  ---------  --------  ----------  --------------  -------------------
/opt/airflow/dags/welcome_dag.py                           1           0  0.30s           2024-07-20T16:56:58
================================================================================
[2024-07-20T16:57:29.348+0000] {manager.py:878} INFO - 
================================================================================
DAG File Processing Stats

File Path                         PID    Runtime      # DAGs    # Errors  Last Runtime    Last Run
--------------------------------  -----  ---------  --------  ----------  --------------  -------------------
/opt/airflow/dags/welcome_dag.py                           1           0  0.31s           2024-07-20T16:57:29
================================================================================
[2024-07-20T16:58:00.236+0000] {manager.py:878} INFO - 
================================================================================
DAG File Processing Stats

File Path                         PID    Runtime      # DAGs    # Errors  Last Runtime    Last Run
--------------------------------  -----  ---------  --------  ----------  --------------  -------------------
/opt/airflow/dags/welcome_dag.py                           1           0  0.30s           2024-07-20T16:58:00
================================================================================
[2024-07-20T16:58:06.875+0000] {manager.py:737} INFO - Searching for files in /opt/airflow/dags
[2024-07-20T16:58:06.899+0000] {manager.py:740} INFO - There are 1 files in /opt/airflow/dags
[2024-07-20T16:58:31.408+0000] {manager.py:878} INFO - 
================================================================================
DAG File Processing Stats

File Path                         PID    Runtime      # DAGs    # Errors  Last Runtime    Last Run
--------------------------------  -----  ---------  --------  ----------  --------------  -------------------
/opt/airflow/dags/welcome_dag.py                           1           0  0.31s           2024-07-20T16:58:31
================================================================================
[2024-07-20T16:59:02.265+0000] {manager.py:878} INFO - 
================================================================================
DAG File Processing Stats

File Path                         PID    Runtime      # DAGs    # Errors  Last Runtime    Last Run
--------------------------------  -----  ---------  --------  ----------  --------------  -------------------
/opt/airflow/dags/welcome_dag.py                           1           0  0.30s           2024-07-20T16:59:02
================================================================================
[2024-07-20T16:59:32.969+0000] {manager.py:878} INFO - 
================================================================================
DAG File Processing Stats

File Path                         PID    Runtime      # DAGs    # Errors  Last Runtime    Last Run
--------------------------------  -----  ---------  --------  ----------  --------------  -------------------
/opt/airflow/dags/welcome_dag.py                           1           0  0.30s           2024-07-20T16:59:32
================================================================================
[2024-07-20T17:00:06.860+0000] {manager.py:878} INFO - 
================================================================================
DAG File Processing Stats

File Path                         PID    Runtime      # DAGs    # Errors  Last Runtime    Last Run
--------------------------------  -----  ---------  --------  ----------  --------------  -------------------
/opt/airflow/dags/welcome_dag.py                           1           0  0.30s           2024-07-20T17:00:06
================================================================================
[2024-07-20T17:00:37.496+0000] {manager.py:878} INFO - 
================================================================================
DAG File Processing Stats

File Path                         PID    Runtime      # DAGs    # Errors  Last Runtime    Last Run
--------------------------------  -----  ---------  --------  ----------  --------------  -------------------
/opt/airflow/dags/welcome_dag.py                           1           0  0.31s           2024-07-20T17:00:37
================================================================================
[2024-07-20T17:01:08.129+0000] {manager.py:878} INFO - 
================================================================================
DAG File Processing Stats

File Path                         PID    Runtime      # DAGs    # Errors  Last Runtime    Last Run
--------------------------------  -----  ---------  --------  ----------  --------------  -------------------
/opt/airflow/dags/welcome_dag.py                           1           0  0.31s           2024-07-20T17:01:08
================================================================================
[2024-07-20T17:01:38.922+0000] {manager.py:878} INFO - 
================================================================================
DAG File Processing Stats

File Path                         PID    Runtime      # DAGs    # Errors  Last Runtime    Last Run
--------------------------------  -----  ---------  --------  ----------  --------------  -------------------
/opt/airflow/dags/welcome_dag.py                           1           0  0.30s           2024-07-20T17:01:38
================================================================================
[2024-07-20T17:02:12.245+0000] {manager.py:878} INFO - 
================================================================================
DAG File Processing Stats

File Path                         PID    Runtime      # DAGs    # Errors  Last Runtime    Last Run
--------------------------------  -----  ---------  --------  ----------  --------------  -------------------
/opt/airflow/dags/welcome_dag.py                           1           0  0.30s           2024-07-20T17:02:12
================================================================================
[2024-07-20T17:02:43.699+0000] {manager.py:878} INFO - 
================================================================================
DAG File Processing Stats

File Path                         PID    Runtime      # DAGs    # Errors  Last Runtime    Last Run
--------------------------------  -----  ---------  --------  ----------  --------------  -------------------
/opt/airflow/dags/welcome_dag.py                           1           0  0.30s           2024-07-20T17:02:43
================================================================================
[2024-07-20T17:03:06.898+0000] {manager.py:737} INFO - Searching for files in /opt/airflow/dags
[2024-07-20T17:03:06.934+0000] {manager.py:740} INFO - There are 1 files in /opt/airflow/dags
[2024-07-20T17:03:15.116+0000] {manager.py:878} INFO - 
================================================================================
DAG File Processing Stats

File Path                         PID    Runtime      # DAGs    # Errors  Last Runtime    Last Run
--------------------------------  -----  ---------  --------  ----------  --------------  -------------------
/opt/airflow/dags/welcome_dag.py                           1           0  0.30s           2024-07-20T17:03:15
================================================================================
[2024-07-20T17:03:45.593+0000] {manager.py:878} INFO - 
================================================================================
DAG File Processing Stats

File Path                         PID    Runtime      # DAGs    # Errors  Last Runtime    Last Run
--------------------------------  -----  ---------  --------  ----------  --------------  -------------------
/opt/airflow/dags/welcome_dag.py                           1           0  0.31s           2024-07-20T17:03:45
================================================================================
[2024-07-20T17:04:17.119+0000] {manager.py:878} INFO - 
================================================================================
DAG File Processing Stats

File Path                         PID    Runtime      # DAGs    # Errors  Last Runtime    Last Run
--------------------------------  -----  ---------  --------  ----------  --------------  -------------------
/opt/airflow/dags/welcome_dag.py                           1           0  0.30s           2024-07-20T17:04:17
================================================================================
[2024-07-20T17:04:47.879+0000] {manager.py:878} INFO - 
================================================================================
DAG File Processing Stats

File Path                         PID    Runtime      # DAGs    # Errors  Last Runtime    Last Run
--------------------------------  -----  ---------  --------  ----------  --------------  -------------------
/opt/airflow/dags/welcome_dag.py                           1           0  0.30s           2024-07-20T17:04:47
================================================================================
[2024-07-20T17:05:18.949+0000] {manager.py:878} INFO - 
================================================================================
DAG File Processing Stats

File Path                         PID    Runtime      # DAGs    # Errors  Last Runtime    Last Run
--------------------------------  -----  ---------  --------  ----------  --------------  -------------------
/opt/airflow/dags/welcome_dag.py                           1           0  0.31s           2024-07-20T17:05:18
================================================================================
[2024-07-20T17:05:50.308+0000] {manager.py:878} INFO - 
================================================================================
DAG File Processing Stats

File Path                         PID    Runtime      # DAGs    # Errors  Last Runtime    Last Run
--------------------------------  -----  ---------  --------  ----------  --------------  -------------------
/opt/airflow/dags/welcome_dag.py                           1           0  0.41s           2024-07-20T17:05:50
================================================================================
[2024-07-20T17:46:49.015+0000] {manager.py:737} INFO - Searching for files in /opt/airflow/dags
[2024-07-20T17:46:49.459+0000] {manager.py:740} INFO - There are 1 files in /opt/airflow/dags
[2024-07-20T17:46:50.492+0000] {manager.py:878} INFO - 
================================================================================
DAG File Processing Stats

File Path                         PID    Runtime      # DAGs    # Errors  Last Runtime    Last Run
--------------------------------  -----  ---------  --------  ----------  --------------  -------------------
/opt/airflow/dags/welcome_dag.py                           1           0  0.91s           2024-07-20T17:46:50
================================================================================
[2024-07-20T17:47:22.148+0000] {manager.py:878} INFO - 
================================================================================
DAG File Processing Stats

File Path                         PID    Runtime      # DAGs    # Errors  Last Runtime    Last Run
--------------------------------  -----  ---------  --------  ----------  --------------  -------------------
/opt/airflow/dags/welcome_dag.py                           1           0  0.53s           2024-07-20T17:47:22
================================================================================
[2024-07-20T17:47:53.301+0000] {manager.py:878} INFO - 
================================================================================
DAG File Processing Stats

File Path                         PID    Runtime      # DAGs    # Errors  Last Runtime    Last Run
--------------------------------  -----  ---------  --------  ----------  --------------  -------------------
/opt/airflow/dags/welcome_dag.py                           1           0  0.51s           2024-07-20T17:47:53
================================================================================
[2024-07-20T17:48:30.352+0000] {manager.py:878} INFO - 
================================================================================
DAG File Processing Stats

File Path                         PID    Runtime      # DAGs    # Errors  Last Runtime    Last Run
--------------------------------  -----  ---------  --------  ----------  --------------  -------------------
/opt/airflow/dags/welcome_dag.py                           1           0  0.53s           2024-07-20T17:48:30
================================================================================
[2024-07-20T17:49:01.003+0000] {manager.py:878} INFO - 
================================================================================
DAG File Processing Stats

File Path                         PID    Runtime      # DAGs    # Errors  Last Runtime    Last Run
--------------------------------  -----  ---------  --------  ----------  --------------  -------------------
/opt/airflow/dags/welcome_dag.py                           1           0  0.51s           2024-07-20T17:49:01
================================================================================
[2024-07-20T17:49:32.328+0000] {manager.py:878} INFO - 
================================================================================
DAG File Processing Stats

File Path                         PID    Runtime      # DAGs    # Errors  Last Runtime    Last Run
--------------------------------  -----  ---------  --------  ----------  --------------  -------------------
/opt/airflow/dags/welcome_dag.py                           1           0  0.52s           2024-07-20T17:49:32
================================================================================
[2024-07-20T17:50:08.681+0000] {manager.py:878} INFO - 
================================================================================
DAG File Processing Stats

File Path                         PID    Runtime      # DAGs    # Errors  Last Runtime    Last Run
--------------------------------  -----  ---------  --------  ----------  --------------  -------------------
/opt/airflow/dags/welcome_dag.py                           1           0  0.30s           2024-07-20T17:50:08
================================================================================
[2024-07-20T17:50:39.837+0000] {manager.py:878} INFO - 
================================================================================
DAG File Processing Stats

File Path                         PID    Runtime      # DAGs    # Errors  Last Runtime    Last Run
--------------------------------  -----  ---------  --------  ----------  --------------  -------------------
/opt/airflow/dags/welcome_dag.py                           1           0  0.41s           2024-07-20T17:50:39
================================================================================
[2024-07-20T17:51:10.588+0000] {manager.py:878} INFO - 
================================================================================
DAG File Processing Stats

File Path                         PID    Runtime      # DAGs    # Errors  Last Runtime    Last Run
--------------------------------  -----  ---------  --------  ----------  --------------  -------------------
/opt/airflow/dags/welcome_dag.py                           1           0  0.41s           2024-07-20T17:51:10
================================================================================
[2024-07-20T17:51:41.619+0000] {manager.py:878} INFO - 
================================================================================
DAG File Processing Stats

File Path                         PID    Runtime      # DAGs    # Errors  Last Runtime    Last Run
--------------------------------  -----  ---------  --------  ----------  --------------  -------------------
/opt/airflow/dags/welcome_dag.py                           1           0  0.61s           2024-07-20T17:51:41
================================================================================
[2024-07-20T17:51:49.273+0000] {manager.py:737} INFO - Searching for files in /opt/airflow/dags
[2024-07-20T17:51:49.351+0000] {manager.py:740} INFO - There are 1 files in /opt/airflow/dags
[2024-07-20T17:52:16.712+0000] {manager.py:878} INFO - 
================================================================================
DAG File Processing Stats

File Path                         PID    Runtime      # DAGs    # Errors  Last Runtime    Last Run
--------------------------------  -----  ---------  --------  ----------  --------------  -------------------
/opt/airflow/dags/welcome_dag.py                           1           0  0.51s           2024-07-20T17:52:16
================================================================================
[2024-07-20T17:52:48.013+0000] {manager.py:878} INFO - 
================================================================================
DAG File Processing Stats

File Path                         PID    Runtime      # DAGs    # Errors  Last Runtime    Last Run
--------------------------------  -----  ---------  --------  ----------  --------------  -------------------
/opt/airflow/dags/welcome_dag.py                           1           0  0.42s           2024-07-20T17:52:48
================================================================================
[2024-07-20T17:53:18.680+0000] {manager.py:878} INFO - 
================================================================================
DAG File Processing Stats

File Path                         PID    Runtime      # DAGs    # Errors  Last Runtime    Last Run
--------------------------------  -----  ---------  --------  ----------  --------------  -------------------
/opt/airflow/dags/welcome_dag.py                           1           0  0.51s           2024-07-20T17:53:18
================================================================================
[2024-07-20T17:53:49.488+0000] {manager.py:878} INFO - 
================================================================================
DAG File Processing Stats

File Path                         PID    Runtime      # DAGs    # Errors  Last Runtime    Last Run
--------------------------------  -----  ---------  --------  ----------  --------------  -------------------
/opt/airflow/dags/welcome_dag.py                           1           0  0.51s           2024-07-20T17:53:49
================================================================================
[2024-07-20T17:54:24.811+0000] {manager.py:878} INFO - 
================================================================================
DAG File Processing Stats

File Path                         PID    Runtime      # DAGs    # Errors  Last Runtime    Last Run
--------------------------------  -----  ---------  --------  ----------  --------------  -------------------
/opt/airflow/dags/welcome_dag.py                           1           0  0.51s           2024-07-20T17:54:24
================================================================================
[2024-07-20T17:54:55.664+0000] {manager.py:878} INFO - 
================================================================================
DAG File Processing Stats

File Path                         PID    Runtime      # DAGs    # Errors  Last Runtime    Last Run
--------------------------------  -----  ---------  --------  ----------  --------------  -------------------
/opt/airflow/dags/welcome_dag.py                           1           0  0.41s           2024-07-20T17:54:55
================================================================================
[2024-07-20T17:55:26.805+0000] {manager.py:878} INFO - 
================================================================================
DAG File Processing Stats

File Path                         PID    Runtime      # DAGs    # Errors  Last Runtime    Last Run
--------------------------------  -----  ---------  --------  ----------  --------------  -------------------
/opt/airflow/dags/welcome_dag.py                           1           0  0.52s           2024-07-20T17:55:26
================================================================================
[2024-07-20T17:55:57.531+0000] {manager.py:878} INFO - 
================================================================================
DAG File Processing Stats

File Path                         PID    Runtime      # DAGs    # Errors  Last Runtime    Last Run
--------------------------------  -----  ---------  --------  ----------  --------------  -------------------
/opt/airflow/dags/welcome_dag.py                           1           0  0.61s           2024-07-20T17:55:57
================================================================================
[2024-07-20T17:56:28.602+0000] {manager.py:878} INFO - 
================================================================================
DAG File Processing Stats

File Path                         PID    Runtime      # DAGs    # Errors  Last Runtime    Last Run
--------------------------------  -----  ---------  --------  ----------  --------------  -------------------
/opt/airflow/dags/welcome_dag.py                           1           0  0.41s           2024-07-20T17:56:28
================================================================================
[2024-07-20T17:56:50.019+0000] {manager.py:737} INFO - Searching for files in /opt/airflow/dags
[2024-07-20T17:56:50.139+0000] {manager.py:740} INFO - There are 1 files in /opt/airflow/dags
[2024-07-20T17:57:00.091+0000] {manager.py:878} INFO - 
================================================================================
DAG File Processing Stats

File Path                         PID    Runtime      # DAGs    # Errors  Last Runtime    Last Run
--------------------------------  -----  ---------  --------  ----------  --------------  -------------------
/opt/airflow/dags/welcome_dag.py                           1           0  0.41s           2024-07-20T17:57:00
================================================================================
[2024-07-20T17:57:31.033+0000] {manager.py:878} INFO - 
================================================================================
DAG File Processing Stats

File Path                         PID    Runtime      # DAGs    # Errors  Last Runtime    Last Run
--------------------------------  -----  ---------  --------  ----------  --------------  -------------------
/opt/airflow/dags/welcome_dag.py                           1           0  0.51s           2024-07-20T17:57:31
================================================================================
[2024-07-20T17:58:01.770+0000] {manager.py:878} INFO - 
================================================================================
DAG File Processing Stats

File Path                         PID    Runtime      # DAGs    # Errors  Last Runtime    Last Run
--------------------------------  -----  ---------  --------  ----------  --------------  -------------------
/opt/airflow/dags/welcome_dag.py                           1           0  0.54s           2024-07-20T17:58:01
================================================================================
[2024-07-20T17:58:33.524+0000] {manager.py:878} INFO - 
================================================================================
DAG File Processing Stats

File Path                         PID    Runtime      # DAGs    # Errors  Last Runtime    Last Run
--------------------------------  -----  ---------  --------  ----------  --------------  -------------------
/opt/airflow/dags/welcome_dag.py                           1           0  0.54s           2024-07-20T17:58:33
================================================================================
[2024-07-20T17:59:04.385+0000] {manager.py:878} INFO - 
================================================================================
DAG File Processing Stats

File Path                         PID    Runtime      # DAGs    # Errors  Last Runtime    Last Run
--------------------------------  -----  ---------  --------  ----------  --------------  -------------------
/opt/airflow/dags/welcome_dag.py                           1           0  0.54s           2024-07-20T17:59:04
================================================================================
[2024-07-20T17:59:36.307+0000] {manager.py:878} INFO - 
================================================================================
DAG File Processing Stats

File Path                         PID    Runtime      # DAGs    # Errors  Last Runtime    Last Run
--------------------------------  -----  ---------  --------  ----------  --------------  -------------------
/opt/airflow/dags/welcome_dag.py                           1           0  0.61s           2024-07-20T17:59:36
================================================================================
[2024-07-20T18:00:09.828+0000] {manager.py:878} INFO - 
================================================================================
DAG File Processing Stats

File Path                         PID    Runtime      # DAGs    # Errors  Last Runtime    Last Run
--------------------------------  -----  ---------  --------  ----------  --------------  -------------------
/opt/airflow/dags/welcome_dag.py                           1           0  0.41s           2024-07-20T18:00:09
================================================================================
[2024-07-20T18:00:40.814+0000] {manager.py:878} INFO - 
================================================================================
DAG File Processing Stats

File Path                         PID    Runtime      # DAGs    # Errors  Last Runtime    Last Run
--------------------------------  -----  ---------  --------  ----------  --------------  -------------------
/opt/airflow/dags/welcome_dag.py                           1           0  0.51s           2024-07-20T18:00:40
================================================================================
[2024-07-20T18:01:11.280+0000] {manager.py:878} INFO - 
================================================================================
DAG File Processing Stats

File Path                         PID    Runtime      # DAGs    # Errors  Last Runtime    Last Run
--------------------------------  -----  ---------  --------  ----------  --------------  -------------------
/opt/airflow/dags/welcome_dag.py                           1           0  0.41s           2024-07-20T18:01:11
================================================================================
[2024-07-20T18:01:42.142+0000] {manager.py:878} INFO - 
================================================================================
DAG File Processing Stats

File Path                         PID    Runtime      # DAGs    # Errors  Last Runtime    Last Run
--------------------------------  -----  ---------  --------  ----------  --------------  -------------------
/opt/airflow/dags/welcome_dag.py                           1           0  0.41s           2024-07-20T18:01:42
================================================================================
[2024-07-20T18:01:50.771+0000] {manager.py:737} INFO - Searching for files in /opt/airflow/dags
[2024-07-20T18:01:50.922+0000] {manager.py:740} INFO - There are 1 files in /opt/airflow/dags
[2024-07-20T18:02:16.887+0000] {manager.py:878} INFO - 
================================================================================
DAG File Processing Stats

File Path                         PID    Runtime      # DAGs    # Errors  Last Runtime    Last Run
--------------------------------  -----  ---------  --------  ----------  --------------  -------------------
/opt/airflow/dags/welcome_dag.py                           1           0  0.51s           2024-07-20T18:02:16
================================================================================
[2024-07-20T18:02:49.797+0000] {manager.py:878} INFO - 
================================================================================
DAG File Processing Stats

File Path                         PID    Runtime      # DAGs    # Errors  Last Runtime    Last Run
--------------------------------  -----  ---------  --------  ----------  --------------  -------------------
/opt/airflow/dags/welcome_dag.py                           1           0  2.38s           2024-07-20T18:02:49
================================================================================
[2024-07-20T19:14:15.369+0000] {manager.py:452} INFO - Exiting gracefully upon receiving signal 15
[2024-07-20T19:14:17.384+0000] {manager.py:470} INFO - Processing files using up to 1 processes at a time 
[2024-07-20T19:14:17.386+0000] {manager.py:471} INFO - Process each file at most once every 30 seconds
[2024-07-20T19:14:17.388+0000] {manager.py:472} INFO - Checking for new files in /opt/airflow/dags every 300 seconds
[2024-07-20T19:14:17.390+0000] {manager.py:737} INFO - Searching for files in /opt/airflow/dags
[2024-07-20T19:14:17.441+0000] {manager.py:740} INFO - There are 1 files in /opt/airflow/dags
