[2024-07-20T16:48:04.237+0000] {processor.py:161} INFO - Started process (PID=74) to work on /opt/airflow/dags/welcome_dag.py
[2024-07-20T16:48:04.240+0000] {processor.py:830} INFO - Processing file /opt/airflow/dags/welcome_dag.py for tasks to queue
[2024-07-20T16:48:04.258+0000] {logging_mixin.py:188} INFO - [2024-07-20T16:48:04.249+0000] {dagbag.py:545} INFO - Filling up the DagBag from /opt/airflow/dags/welcome_dag.py
[2024-07-20T16:48:04.417+0000] {processor.py:840} INFO - DAG(s) 'welcome_dag' retrieved from /opt/airflow/dags/welcome_dag.py
[2024-07-20T16:48:04.886+0000] {logging_mixin.py:188} INFO - [2024-07-20T16:48:04.885+0000] {override.py:1858} INFO - Created Permission View: can read on DAG:welcome_dag
[2024-07-20T16:48:04.939+0000] {logging_mixin.py:188} INFO - [2024-07-20T16:48:04.939+0000] {override.py:1858} INFO - Created Permission View: can edit on DAG:welcome_dag
[2024-07-20T16:48:04.974+0000] {logging_mixin.py:188} INFO - [2024-07-20T16:48:04.974+0000] {override.py:1858} INFO - Created Permission View: can delete on DAG:welcome_dag
[2024-07-20T16:48:04.975+0000] {logging_mixin.py:188} INFO - [2024-07-20T16:48:04.975+0000] {dag.py:3089} INFO - Sync 1 DAGs
[2024-07-20T16:48:05.010+0000] {logging_mixin.py:188} INFO - [2024-07-20T16:48:05.010+0000] {dag.py:3111} INFO - Creating ORM DAG for welcome_dag
[2024-07-20T16:48:05.046+0000] {logging_mixin.py:188} INFO - [2024-07-20T16:48:05.046+0000] {dag.py:3947} INFO - Setting next_dagrun for welcome_dag to 2024-07-20 16:46:00+00:00, run_after=2024-07-20 16:48:00+00:00
[2024-07-20T16:48:05.123+0000] {processor.py:183} INFO - Processing /opt/airflow/dags/welcome_dag.py took 0.923 seconds
[2024-07-20T16:48:35.365+0000] {processor.py:161} INFO - Started process (PID=75) to work on /opt/airflow/dags/welcome_dag.py
[2024-07-20T16:48:35.369+0000] {processor.py:830} INFO - Processing file /opt/airflow/dags/welcome_dag.py for tasks to queue
[2024-07-20T16:48:35.377+0000] {logging_mixin.py:188} INFO - [2024-07-20T16:48:35.376+0000] {dagbag.py:545} INFO - Filling up the DagBag from /opt/airflow/dags/welcome_dag.py
[2024-07-20T16:48:35.420+0000] {processor.py:840} INFO - DAG(s) 'welcome_dag' retrieved from /opt/airflow/dags/welcome_dag.py
[2024-07-20T16:48:35.464+0000] {logging_mixin.py:188} INFO - [2024-07-20T16:48:35.463+0000] {dag.py:3089} INFO - Sync 1 DAGs
[2024-07-20T16:48:35.505+0000] {logging_mixin.py:188} INFO - [2024-07-20T16:48:35.505+0000] {dag.py:3947} INFO - Setting next_dagrun for welcome_dag to 2024-07-20 16:46:00+00:00, run_after=2024-07-20 16:48:00+00:00
[2024-07-20T16:48:35.586+0000] {processor.py:183} INFO - Processing /opt/airflow/dags/welcome_dag.py took 0.242 seconds
[2024-07-20T16:49:06.031+0000] {processor.py:161} INFO - Started process (PID=76) to work on /opt/airflow/dags/welcome_dag.py
[2024-07-20T16:49:06.034+0000] {processor.py:830} INFO - Processing file /opt/airflow/dags/welcome_dag.py for tasks to queue
[2024-07-20T16:49:06.041+0000] {logging_mixin.py:188} INFO - [2024-07-20T16:49:06.040+0000] {dagbag.py:545} INFO - Filling up the DagBag from /opt/airflow/dags/welcome_dag.py
[2024-07-20T16:49:06.130+0000] {processor.py:840} INFO - DAG(s) 'welcome_dag' retrieved from /opt/airflow/dags/welcome_dag.py
[2024-07-20T16:49:06.180+0000] {logging_mixin.py:188} INFO - [2024-07-20T16:49:06.180+0000] {dag.py:3089} INFO - Sync 1 DAGs
[2024-07-20T16:49:06.223+0000] {logging_mixin.py:188} INFO - [2024-07-20T16:49:06.222+0000] {dag.py:3947} INFO - Setting next_dagrun for welcome_dag to 2024-07-20 16:46:00+00:00, run_after=2024-07-20 16:48:00+00:00
[2024-07-20T16:49:06.318+0000] {processor.py:183} INFO - Processing /opt/airflow/dags/welcome_dag.py took 0.310 seconds
[2024-07-20T16:49:37.190+0000] {processor.py:161} INFO - Started process (PID=77) to work on /opt/airflow/dags/welcome_dag.py
[2024-07-20T16:49:37.191+0000] {processor.py:830} INFO - Processing file /opt/airflow/dags/welcome_dag.py for tasks to queue
[2024-07-20T16:49:37.194+0000] {logging_mixin.py:188} INFO - [2024-07-20T16:49:37.193+0000] {dagbag.py:545} INFO - Filling up the DagBag from /opt/airflow/dags/welcome_dag.py
[2024-07-20T16:49:37.227+0000] {processor.py:840} INFO - DAG(s) 'welcome_dag' retrieved from /opt/airflow/dags/welcome_dag.py
[2024-07-20T16:49:37.270+0000] {logging_mixin.py:188} INFO - [2024-07-20T16:49:37.270+0000] {dag.py:3089} INFO - Sync 1 DAGs
[2024-07-20T16:49:37.309+0000] {logging_mixin.py:188} INFO - [2024-07-20T16:49:37.308+0000] {dag.py:3947} INFO - Setting next_dagrun for welcome_dag to 2024-07-20 16:46:00+00:00, run_after=2024-07-20 16:48:00+00:00
[2024-07-20T16:49:37.392+0000] {processor.py:183} INFO - Processing /opt/airflow/dags/welcome_dag.py took 0.208 seconds
[2024-07-20T16:50:07.758+0000] {processor.py:161} INFO - Started process (PID=78) to work on /opt/airflow/dags/welcome_dag.py
[2024-07-20T16:50:07.759+0000] {processor.py:830} INFO - Processing file /opt/airflow/dags/welcome_dag.py for tasks to queue
[2024-07-20T16:50:07.763+0000] {logging_mixin.py:188} INFO - [2024-07-20T16:50:07.762+0000] {dagbag.py:545} INFO - Filling up the DagBag from /opt/airflow/dags/welcome_dag.py
[2024-07-20T16:50:07.801+0000] {processor.py:840} INFO - DAG(s) 'welcome_dag' retrieved from /opt/airflow/dags/welcome_dag.py
[2024-07-20T16:50:07.846+0000] {logging_mixin.py:188} INFO - [2024-07-20T16:50:07.845+0000] {dag.py:3089} INFO - Sync 1 DAGs
[2024-07-20T16:50:07.886+0000] {logging_mixin.py:188} INFO - [2024-07-20T16:50:07.885+0000] {dag.py:3947} INFO - Setting next_dagrun for welcome_dag to 2024-07-20 16:48:00+00:00, run_after=2024-07-20 16:50:00+00:00
[2024-07-20T16:50:07.965+0000] {processor.py:183} INFO - Processing /opt/airflow/dags/welcome_dag.py took 0.214 seconds
[2024-07-20T16:50:43.795+0000] {processor.py:161} INFO - Started process (PID=133) to work on /opt/airflow/dags/welcome_dag.py
[2024-07-20T16:50:43.797+0000] {processor.py:830} INFO - Processing file /opt/airflow/dags/welcome_dag.py for tasks to queue
[2024-07-20T16:50:43.803+0000] {logging_mixin.py:188} INFO - [2024-07-20T16:50:43.799+0000] {dagbag.py:545} INFO - Filling up the DagBag from /opt/airflow/dags/welcome_dag.py
[2024-07-20T16:50:43.848+0000] {processor.py:840} INFO - DAG(s) 'welcome_dag' retrieved from /opt/airflow/dags/welcome_dag.py
[2024-07-20T16:50:43.899+0000] {logging_mixin.py:188} INFO - [2024-07-20T16:50:43.899+0000] {dag.py:3089} INFO - Sync 1 DAGs
[2024-07-20T16:50:43.944+0000] {logging_mixin.py:188} INFO - [2024-07-20T16:50:43.943+0000] {dag.py:3947} INFO - Setting next_dagrun for welcome_dag to 2024-07-20 16:50:00+00:00, run_after=2024-07-20 16:52:00+00:00
[2024-07-20T16:50:44.021+0000] {processor.py:183} INFO - Processing /opt/airflow/dags/welcome_dag.py took 0.234 seconds
[2024-07-20T16:51:14.454+0000] {processor.py:161} INFO - Started process (PID=134) to work on /opt/airflow/dags/welcome_dag.py
[2024-07-20T16:51:14.455+0000] {processor.py:830} INFO - Processing file /opt/airflow/dags/welcome_dag.py for tasks to queue
[2024-07-20T16:51:14.459+0000] {logging_mixin.py:188} INFO - [2024-07-20T16:51:14.459+0000] {dagbag.py:545} INFO - Filling up the DagBag from /opt/airflow/dags/welcome_dag.py
[2024-07-20T16:51:14.495+0000] {processor.py:840} INFO - DAG(s) 'welcome_dag' retrieved from /opt/airflow/dags/welcome_dag.py
[2024-07-20T16:51:14.546+0000] {logging_mixin.py:188} INFO - [2024-07-20T16:51:14.546+0000] {dag.py:3089} INFO - Sync 1 DAGs
[2024-07-20T16:51:14.584+0000] {logging_mixin.py:188} INFO - [2024-07-20T16:51:14.584+0000] {dag.py:3947} INFO - Setting next_dagrun for welcome_dag to 2024-07-20 16:50:00+00:00, run_after=2024-07-20 16:52:00+00:00
[2024-07-20T16:51:14.667+0000] {processor.py:183} INFO - Processing /opt/airflow/dags/welcome_dag.py took 0.221 seconds
[2024-07-20T16:51:44.973+0000] {processor.py:161} INFO - Started process (PID=135) to work on /opt/airflow/dags/welcome_dag.py
[2024-07-20T16:51:44.975+0000] {processor.py:830} INFO - Processing file /opt/airflow/dags/welcome_dag.py for tasks to queue
[2024-07-20T16:51:44.977+0000] {logging_mixin.py:188} INFO - [2024-07-20T16:51:44.977+0000] {dagbag.py:545} INFO - Filling up the DagBag from /opt/airflow/dags/welcome_dag.py
[2024-07-20T16:51:45.015+0000] {processor.py:840} INFO - DAG(s) 'welcome_dag' retrieved from /opt/airflow/dags/welcome_dag.py
[2024-07-20T16:51:45.105+0000] {logging_mixin.py:188} INFO - [2024-07-20T16:51:45.105+0000] {dag.py:3089} INFO - Sync 1 DAGs
[2024-07-20T16:51:45.160+0000] {logging_mixin.py:188} INFO - [2024-07-20T16:51:45.160+0000] {dag.py:3947} INFO - Setting next_dagrun for welcome_dag to 2024-07-20 16:50:00+00:00, run_after=2024-07-20 16:52:00+00:00
[2024-07-20T16:51:45.259+0000] {processor.py:183} INFO - Processing /opt/airflow/dags/welcome_dag.py took 0.292 seconds
[2024-07-20T16:52:21.172+0000] {processor.py:161} INFO - Started process (PID=163) to work on /opt/airflow/dags/welcome_dag.py
[2024-07-20T16:52:21.174+0000] {processor.py:830} INFO - Processing file /opt/airflow/dags/welcome_dag.py for tasks to queue
[2024-07-20T16:52:21.176+0000] {logging_mixin.py:188} INFO - [2024-07-20T16:52:21.176+0000] {dagbag.py:545} INFO - Filling up the DagBag from /opt/airflow/dags/welcome_dag.py
[2024-07-20T16:52:21.217+0000] {processor.py:840} INFO - DAG(s) 'welcome_dag' retrieved from /opt/airflow/dags/welcome_dag.py
[2024-07-20T16:52:21.263+0000] {logging_mixin.py:188} INFO - [2024-07-20T16:52:21.263+0000] {dag.py:3089} INFO - Sync 1 DAGs
[2024-07-20T16:52:21.305+0000] {logging_mixin.py:188} INFO - [2024-07-20T16:52:21.305+0000] {dag.py:3947} INFO - Setting next_dagrun for welcome_dag to 2024-07-20 16:52:00+00:00, run_after=2024-07-20 16:54:00+00:00
[2024-07-20T16:52:21.381+0000] {processor.py:183} INFO - Processing /opt/airflow/dags/welcome_dag.py took 0.215 seconds
[2024-07-20T16:52:51.901+0000] {processor.py:161} INFO - Started process (PID=164) to work on /opt/airflow/dags/welcome_dag.py
[2024-07-20T16:52:51.903+0000] {processor.py:830} INFO - Processing file /opt/airflow/dags/welcome_dag.py for tasks to queue
[2024-07-20T16:52:51.905+0000] {logging_mixin.py:188} INFO - [2024-07-20T16:52:51.905+0000] {dagbag.py:545} INFO - Filling up the DagBag from /opt/airflow/dags/welcome_dag.py
[2024-07-20T16:52:51.939+0000] {processor.py:840} INFO - DAG(s) 'welcome_dag' retrieved from /opt/airflow/dags/welcome_dag.py
[2024-07-20T16:52:51.980+0000] {logging_mixin.py:188} INFO - [2024-07-20T16:52:51.979+0000] {dag.py:3089} INFO - Sync 1 DAGs
[2024-07-20T16:52:52.017+0000] {logging_mixin.py:188} INFO - [2024-07-20T16:52:52.017+0000] {dag.py:3947} INFO - Setting next_dagrun for welcome_dag to 2024-07-20 16:52:00+00:00, run_after=2024-07-20 16:54:00+00:00
[2024-07-20T16:52:52.086+0000] {processor.py:183} INFO - Processing /opt/airflow/dags/welcome_dag.py took 0.192 seconds
[2024-07-20T16:53:22.424+0000] {processor.py:161} INFO - Started process (PID=165) to work on /opt/airflow/dags/welcome_dag.py
[2024-07-20T16:53:22.426+0000] {processor.py:830} INFO - Processing file /opt/airflow/dags/welcome_dag.py for tasks to queue
[2024-07-20T16:53:22.429+0000] {logging_mixin.py:188} INFO - [2024-07-20T16:53:22.428+0000] {dagbag.py:545} INFO - Filling up the DagBag from /opt/airflow/dags/welcome_dag.py
[2024-07-20T16:53:22.460+0000] {processor.py:840} INFO - DAG(s) 'welcome_dag' retrieved from /opt/airflow/dags/welcome_dag.py
[2024-07-20T16:53:22.503+0000] {logging_mixin.py:188} INFO - [2024-07-20T16:53:22.502+0000] {dag.py:3089} INFO - Sync 1 DAGs
[2024-07-20T16:53:22.542+0000] {logging_mixin.py:188} INFO - [2024-07-20T16:53:22.542+0000] {dag.py:3947} INFO - Setting next_dagrun for welcome_dag to 2024-07-20 16:52:00+00:00, run_after=2024-07-20 16:54:00+00:00
[2024-07-20T16:53:22.625+0000] {processor.py:183} INFO - Processing /opt/airflow/dags/welcome_dag.py took 0.207 seconds
[2024-07-20T16:53:53.189+0000] {processor.py:161} INFO - Started process (PID=166) to work on /opt/airflow/dags/welcome_dag.py
[2024-07-20T16:53:53.190+0000] {processor.py:830} INFO - Processing file /opt/airflow/dags/welcome_dag.py for tasks to queue
[2024-07-20T16:53:53.192+0000] {logging_mixin.py:188} INFO - [2024-07-20T16:53:53.192+0000] {dagbag.py:545} INFO - Filling up the DagBag from /opt/airflow/dags/welcome_dag.py
[2024-07-20T16:53:53.226+0000] {processor.py:840} INFO - DAG(s) 'welcome_dag' retrieved from /opt/airflow/dags/welcome_dag.py
[2024-07-20T16:53:53.276+0000] {logging_mixin.py:188} INFO - [2024-07-20T16:53:53.276+0000] {dag.py:3089} INFO - Sync 1 DAGs
[2024-07-20T16:53:53.317+0000] {logging_mixin.py:188} INFO - [2024-07-20T16:53:53.316+0000] {dag.py:3947} INFO - Setting next_dagrun for welcome_dag to 2024-07-20 16:52:00+00:00, run_after=2024-07-20 16:54:00+00:00
[2024-07-20T16:53:53.399+0000] {processor.py:183} INFO - Processing /opt/airflow/dags/welcome_dag.py took 0.218 seconds
[2024-07-20T16:54:23.805+0000] {processor.py:161} INFO - Started process (PID=194) to work on /opt/airflow/dags/welcome_dag.py
[2024-07-20T16:54:23.806+0000] {processor.py:830} INFO - Processing file /opt/airflow/dags/welcome_dag.py for tasks to queue
[2024-07-20T16:54:23.809+0000] {logging_mixin.py:188} INFO - [2024-07-20T16:54:23.808+0000] {dagbag.py:545} INFO - Filling up the DagBag from /opt/airflow/dags/welcome_dag.py
[2024-07-20T16:54:23.847+0000] {processor.py:840} INFO - DAG(s) 'welcome_dag' retrieved from /opt/airflow/dags/welcome_dag.py
[2024-07-20T16:54:23.897+0000] {logging_mixin.py:188} INFO - [2024-07-20T16:54:23.897+0000] {dag.py:3089} INFO - Sync 1 DAGs
[2024-07-20T16:54:23.940+0000] {logging_mixin.py:188} INFO - [2024-07-20T16:54:23.939+0000] {dag.py:3947} INFO - Setting next_dagrun for welcome_dag to 2024-07-20 16:54:00+00:00, run_after=2024-07-20 16:56:00+00:00
[2024-07-20T16:54:24.018+0000] {processor.py:183} INFO - Processing /opt/airflow/dags/welcome_dag.py took 0.221 seconds
[2024-07-20T16:54:54.484+0000] {processor.py:161} INFO - Started process (PID=195) to work on /opt/airflow/dags/welcome_dag.py
[2024-07-20T16:54:54.485+0000] {processor.py:830} INFO - Processing file /opt/airflow/dags/welcome_dag.py for tasks to queue
[2024-07-20T16:54:54.488+0000] {logging_mixin.py:188} INFO - [2024-07-20T16:54:54.487+0000] {dagbag.py:545} INFO - Filling up the DagBag from /opt/airflow/dags/welcome_dag.py
[2024-07-20T16:54:54.521+0000] {processor.py:840} INFO - DAG(s) 'welcome_dag' retrieved from /opt/airflow/dags/welcome_dag.py
[2024-07-20T16:54:54.563+0000] {logging_mixin.py:188} INFO - [2024-07-20T16:54:54.562+0000] {dag.py:3089} INFO - Sync 1 DAGs
[2024-07-20T16:54:54.601+0000] {logging_mixin.py:188} INFO - [2024-07-20T16:54:54.601+0000] {dag.py:3947} INFO - Setting next_dagrun for welcome_dag to 2024-07-20 16:54:00+00:00, run_after=2024-07-20 16:56:00+00:00
[2024-07-20T16:54:54.676+0000] {processor.py:183} INFO - Processing /opt/airflow/dags/welcome_dag.py took 0.199 seconds
[2024-07-20T16:55:25.390+0000] {processor.py:161} INFO - Started process (PID=196) to work on /opt/airflow/dags/welcome_dag.py
[2024-07-20T16:55:25.391+0000] {processor.py:830} INFO - Processing file /opt/airflow/dags/welcome_dag.py for tasks to queue
[2024-07-20T16:55:25.396+0000] {logging_mixin.py:188} INFO - [2024-07-20T16:55:25.395+0000] {dagbag.py:545} INFO - Filling up the DagBag from /opt/airflow/dags/welcome_dag.py
[2024-07-20T16:55:25.429+0000] {processor.py:840} INFO - DAG(s) 'welcome_dag' retrieved from /opt/airflow/dags/welcome_dag.py
[2024-07-20T16:55:25.472+0000] {logging_mixin.py:188} INFO - [2024-07-20T16:55:25.472+0000] {dag.py:3089} INFO - Sync 1 DAGs
[2024-07-20T16:55:25.514+0000] {logging_mixin.py:188} INFO - [2024-07-20T16:55:25.513+0000] {dag.py:3947} INFO - Setting next_dagrun for welcome_dag to 2024-07-20 16:54:00+00:00, run_after=2024-07-20 16:56:00+00:00
[2024-07-20T16:55:25.584+0000] {processor.py:183} INFO - Processing /opt/airflow/dags/welcome_dag.py took 0.201 seconds
[2024-07-20T16:55:56.255+0000] {processor.py:161} INFO - Started process (PID=197) to work on /opt/airflow/dags/welcome_dag.py
[2024-07-20T16:55:56.256+0000] {processor.py:830} INFO - Processing file /opt/airflow/dags/welcome_dag.py for tasks to queue
[2024-07-20T16:55:56.259+0000] {logging_mixin.py:188} INFO - [2024-07-20T16:55:56.258+0000] {dagbag.py:545} INFO - Filling up the DagBag from /opt/airflow/dags/welcome_dag.py
[2024-07-20T16:55:56.294+0000] {processor.py:840} INFO - DAG(s) 'welcome_dag' retrieved from /opt/airflow/dags/welcome_dag.py
[2024-07-20T16:55:56.342+0000] {logging_mixin.py:188} INFO - [2024-07-20T16:55:56.341+0000] {dag.py:3089} INFO - Sync 1 DAGs
[2024-07-20T16:55:56.383+0000] {logging_mixin.py:188} INFO - [2024-07-20T16:55:56.383+0000] {dag.py:3947} INFO - Setting next_dagrun for welcome_dag to 2024-07-20 16:54:00+00:00, run_after=2024-07-20 16:56:00+00:00
[2024-07-20T16:55:56.454+0000] {processor.py:183} INFO - Processing /opt/airflow/dags/welcome_dag.py took 0.207 seconds
[2024-07-20T16:56:26.643+0000] {processor.py:161} INFO - Started process (PID=225) to work on /opt/airflow/dags/welcome_dag.py
[2024-07-20T16:56:26.645+0000] {processor.py:830} INFO - Processing file /opt/airflow/dags/welcome_dag.py for tasks to queue
[2024-07-20T16:56:26.647+0000] {logging_mixin.py:188} INFO - [2024-07-20T16:56:26.647+0000] {dagbag.py:545} INFO - Filling up the DagBag from /opt/airflow/dags/welcome_dag.py
[2024-07-20T16:56:26.684+0000] {processor.py:840} INFO - DAG(s) 'welcome_dag' retrieved from /opt/airflow/dags/welcome_dag.py
[2024-07-20T16:56:26.747+0000] {logging_mixin.py:188} INFO - [2024-07-20T16:56:26.747+0000] {dag.py:3089} INFO - Sync 1 DAGs
[2024-07-20T16:56:26.787+0000] {logging_mixin.py:188} INFO - [2024-07-20T16:56:26.787+0000] {dag.py:3947} INFO - Setting next_dagrun for welcome_dag to 2024-07-20 16:56:00+00:00, run_after=2024-07-20 16:58:00+00:00
[2024-07-20T16:56:26.872+0000] {processor.py:183} INFO - Processing /opt/airflow/dags/welcome_dag.py took 0.236 seconds
[2024-07-20T16:56:57.861+0000] {processor.py:161} INFO - Started process (PID=226) to work on /opt/airflow/dags/welcome_dag.py
[2024-07-20T16:56:57.862+0000] {processor.py:830} INFO - Processing file /opt/airflow/dags/welcome_dag.py for tasks to queue
[2024-07-20T16:56:57.866+0000] {logging_mixin.py:188} INFO - [2024-07-20T16:56:57.866+0000] {dagbag.py:545} INFO - Filling up the DagBag from /opt/airflow/dags/welcome_dag.py
[2024-07-20T16:56:57.903+0000] {processor.py:840} INFO - DAG(s) 'welcome_dag' retrieved from /opt/airflow/dags/welcome_dag.py
[2024-07-20T16:56:57.967+0000] {logging_mixin.py:188} INFO - [2024-07-20T16:56:57.967+0000] {dag.py:3089} INFO - Sync 1 DAGs
[2024-07-20T16:56:58.010+0000] {logging_mixin.py:188} INFO - [2024-07-20T16:56:58.009+0000] {dag.py:3947} INFO - Setting next_dagrun for welcome_dag to 2024-07-20 16:56:00+00:00, run_after=2024-07-20 16:58:00+00:00
[2024-07-20T16:56:58.103+0000] {processor.py:183} INFO - Processing /opt/airflow/dags/welcome_dag.py took 0.250 seconds
[2024-07-20T16:57:29.067+0000] {processor.py:161} INFO - Started process (PID=227) to work on /opt/airflow/dags/welcome_dag.py
[2024-07-20T16:57:29.068+0000] {processor.py:830} INFO - Processing file /opt/airflow/dags/welcome_dag.py for tasks to queue
[2024-07-20T16:57:29.071+0000] {logging_mixin.py:188} INFO - [2024-07-20T16:57:29.071+0000] {dagbag.py:545} INFO - Filling up the DagBag from /opt/airflow/dags/welcome_dag.py
[2024-07-20T16:57:29.127+0000] {processor.py:840} INFO - DAG(s) 'welcome_dag' retrieved from /opt/airflow/dags/welcome_dag.py
[2024-07-20T16:57:29.179+0000] {logging_mixin.py:188} INFO - [2024-07-20T16:57:29.179+0000] {dag.py:3089} INFO - Sync 1 DAGs
[2024-07-20T16:57:29.222+0000] {logging_mixin.py:188} INFO - [2024-07-20T16:57:29.221+0000] {dag.py:3947} INFO - Setting next_dagrun for welcome_dag to 2024-07-20 16:56:00+00:00, run_after=2024-07-20 16:58:00+00:00
[2024-07-20T16:57:29.293+0000] {processor.py:183} INFO - Processing /opt/airflow/dags/welcome_dag.py took 0.235 seconds
[2024-07-20T16:57:59.954+0000] {processor.py:161} INFO - Started process (PID=228) to work on /opt/airflow/dags/welcome_dag.py
[2024-07-20T16:57:59.955+0000] {processor.py:830} INFO - Processing file /opt/airflow/dags/welcome_dag.py for tasks to queue
[2024-07-20T16:57:59.958+0000] {logging_mixin.py:188} INFO - [2024-07-20T16:57:59.957+0000] {dagbag.py:545} INFO - Filling up the DagBag from /opt/airflow/dags/welcome_dag.py
[2024-07-20T16:57:59.991+0000] {processor.py:840} INFO - DAG(s) 'welcome_dag' retrieved from /opt/airflow/dags/welcome_dag.py
[2024-07-20T16:58:00.034+0000] {logging_mixin.py:188} INFO - [2024-07-20T16:58:00.034+0000] {dag.py:3089} INFO - Sync 1 DAGs
[2024-07-20T16:58:00.072+0000] {logging_mixin.py:188} INFO - [2024-07-20T16:58:00.072+0000] {dag.py:3947} INFO - Setting next_dagrun for welcome_dag to 2024-07-20 16:56:00+00:00, run_after=2024-07-20 16:58:00+00:00
[2024-07-20T16:58:00.156+0000] {processor.py:183} INFO - Processing /opt/airflow/dags/welcome_dag.py took 0.209 seconds
[2024-07-20T16:58:31.128+0000] {processor.py:161} INFO - Started process (PID=256) to work on /opt/airflow/dags/welcome_dag.py
[2024-07-20T16:58:31.129+0000] {processor.py:830} INFO - Processing file /opt/airflow/dags/welcome_dag.py for tasks to queue
[2024-07-20T16:58:31.131+0000] {logging_mixin.py:188} INFO - [2024-07-20T16:58:31.131+0000] {dagbag.py:545} INFO - Filling up the DagBag from /opt/airflow/dags/welcome_dag.py
[2024-07-20T16:58:31.163+0000] {processor.py:840} INFO - DAG(s) 'welcome_dag' retrieved from /opt/airflow/dags/welcome_dag.py
[2024-07-20T16:58:31.205+0000] {logging_mixin.py:188} INFO - [2024-07-20T16:58:31.205+0000] {dag.py:3089} INFO - Sync 1 DAGs
[2024-07-20T16:58:31.244+0000] {logging_mixin.py:188} INFO - [2024-07-20T16:58:31.243+0000] {dag.py:3947} INFO - Setting next_dagrun for welcome_dag to 2024-07-20 16:58:00+00:00, run_after=2024-07-20 17:00:00+00:00
[2024-07-20T16:58:31.323+0000] {processor.py:183} INFO - Processing /opt/airflow/dags/welcome_dag.py took 0.202 seconds
[2024-07-20T16:59:01.983+0000] {processor.py:161} INFO - Started process (PID=257) to work on /opt/airflow/dags/welcome_dag.py
[2024-07-20T16:59:01.985+0000] {processor.py:830} INFO - Processing file /opt/airflow/dags/welcome_dag.py for tasks to queue
[2024-07-20T16:59:01.988+0000] {logging_mixin.py:188} INFO - [2024-07-20T16:59:01.987+0000] {dagbag.py:545} INFO - Filling up the DagBag from /opt/airflow/dags/welcome_dag.py
[2024-07-20T16:59:02.019+0000] {processor.py:840} INFO - DAG(s) 'welcome_dag' retrieved from /opt/airflow/dags/welcome_dag.py
[2024-07-20T16:59:02.063+0000] {logging_mixin.py:188} INFO - [2024-07-20T16:59:02.062+0000] {dag.py:3089} INFO - Sync 1 DAGs
[2024-07-20T16:59:02.104+0000] {logging_mixin.py:188} INFO - [2024-07-20T16:59:02.103+0000] {dag.py:3947} INFO - Setting next_dagrun for welcome_dag to 2024-07-20 16:58:00+00:00, run_after=2024-07-20 17:00:00+00:00
[2024-07-20T16:59:02.183+0000] {processor.py:183} INFO - Processing /opt/airflow/dags/welcome_dag.py took 0.206 seconds
[2024-07-20T16:59:32.685+0000] {processor.py:161} INFO - Started process (PID=258) to work on /opt/airflow/dags/welcome_dag.py
[2024-07-20T16:59:32.687+0000] {processor.py:830} INFO - Processing file /opt/airflow/dags/welcome_dag.py for tasks to queue
[2024-07-20T16:59:32.689+0000] {logging_mixin.py:188} INFO - [2024-07-20T16:59:32.689+0000] {dagbag.py:545} INFO - Filling up the DagBag from /opt/airflow/dags/welcome_dag.py
[2024-07-20T16:59:32.723+0000] {processor.py:840} INFO - DAG(s) 'welcome_dag' retrieved from /opt/airflow/dags/welcome_dag.py
[2024-07-20T16:59:32.766+0000] {logging_mixin.py:188} INFO - [2024-07-20T16:59:32.766+0000] {dag.py:3089} INFO - Sync 1 DAGs
[2024-07-20T16:59:32.806+0000] {logging_mixin.py:188} INFO - [2024-07-20T16:59:32.806+0000] {dag.py:3947} INFO - Setting next_dagrun for welcome_dag to 2024-07-20 16:58:00+00:00, run_after=2024-07-20 17:00:00+00:00
[2024-07-20T16:59:32.889+0000] {processor.py:183} INFO - Processing /opt/airflow/dags/welcome_dag.py took 0.210 seconds
[2024-07-20T17:00:06.580+0000] {processor.py:161} INFO - Started process (PID=268) to work on /opt/airflow/dags/welcome_dag.py
[2024-07-20T17:00:06.581+0000] {processor.py:830} INFO - Processing file /opt/airflow/dags/welcome_dag.py for tasks to queue
[2024-07-20T17:00:06.584+0000] {logging_mixin.py:188} INFO - [2024-07-20T17:00:06.584+0000] {dagbag.py:545} INFO - Filling up the DagBag from /opt/airflow/dags/welcome_dag.py
[2024-07-20T17:00:06.618+0000] {processor.py:840} INFO - DAG(s) 'welcome_dag' retrieved from /opt/airflow/dags/welcome_dag.py
[2024-07-20T17:00:06.662+0000] {logging_mixin.py:188} INFO - [2024-07-20T17:00:06.662+0000] {dag.py:3089} INFO - Sync 1 DAGs
[2024-07-20T17:00:06.699+0000] {logging_mixin.py:188} INFO - [2024-07-20T17:00:06.699+0000] {dag.py:3947} INFO - Setting next_dagrun for welcome_dag to 2024-07-20 17:00:00+00:00, run_after=2024-07-20 17:02:00+00:00
[2024-07-20T17:00:06.763+0000] {processor.py:183} INFO - Processing /opt/airflow/dags/welcome_dag.py took 0.191 seconds
[2024-07-20T17:00:37.216+0000] {processor.py:161} INFO - Started process (PID=287) to work on /opt/airflow/dags/welcome_dag.py
[2024-07-20T17:00:37.217+0000] {processor.py:830} INFO - Processing file /opt/airflow/dags/welcome_dag.py for tasks to queue
[2024-07-20T17:00:37.219+0000] {logging_mixin.py:188} INFO - [2024-07-20T17:00:37.219+0000] {dagbag.py:545} INFO - Filling up the DagBag from /opt/airflow/dags/welcome_dag.py
[2024-07-20T17:00:37.252+0000] {processor.py:840} INFO - DAG(s) 'welcome_dag' retrieved from /opt/airflow/dags/welcome_dag.py
[2024-07-20T17:00:37.306+0000] {logging_mixin.py:188} INFO - [2024-07-20T17:00:37.306+0000] {dag.py:3089} INFO - Sync 1 DAGs
[2024-07-20T17:00:37.345+0000] {logging_mixin.py:188} INFO - [2024-07-20T17:00:37.345+0000] {dag.py:3947} INFO - Setting next_dagrun for welcome_dag to 2024-07-20 17:00:00+00:00, run_after=2024-07-20 17:02:00+00:00
[2024-07-20T17:00:37.439+0000] {processor.py:183} INFO - Processing /opt/airflow/dags/welcome_dag.py took 0.234 seconds
[2024-07-20T17:01:07.849+0000] {processor.py:161} INFO - Started process (PID=288) to work on /opt/airflow/dags/welcome_dag.py
[2024-07-20T17:01:07.851+0000] {processor.py:830} INFO - Processing file /opt/airflow/dags/welcome_dag.py for tasks to queue
[2024-07-20T17:01:07.853+0000] {logging_mixin.py:188} INFO - [2024-07-20T17:01:07.853+0000] {dagbag.py:545} INFO - Filling up the DagBag from /opt/airflow/dags/welcome_dag.py
[2024-07-20T17:01:07.909+0000] {processor.py:840} INFO - DAG(s) 'welcome_dag' retrieved from /opt/airflow/dags/welcome_dag.py
[2024-07-20T17:01:07.974+0000] {logging_mixin.py:188} INFO - [2024-07-20T17:01:07.973+0000] {dag.py:3089} INFO - Sync 1 DAGs
[2024-07-20T17:01:08.020+0000] {logging_mixin.py:188} INFO - [2024-07-20T17:01:08.020+0000] {dag.py:3947} INFO - Setting next_dagrun for welcome_dag to 2024-07-20 17:00:00+00:00, run_after=2024-07-20 17:02:00+00:00
[2024-07-20T17:01:08.114+0000] {processor.py:183} INFO - Processing /opt/airflow/dags/welcome_dag.py took 0.273 seconds
[2024-07-20T17:01:38.663+0000] {processor.py:161} INFO - Started process (PID=289) to work on /opt/airflow/dags/welcome_dag.py
[2024-07-20T17:01:38.664+0000] {processor.py:830} INFO - Processing file /opt/airflow/dags/welcome_dag.py for tasks to queue
[2024-07-20T17:01:38.667+0000] {logging_mixin.py:188} INFO - [2024-07-20T17:01:38.667+0000] {dagbag.py:545} INFO - Filling up the DagBag from /opt/airflow/dags/welcome_dag.py
[2024-07-20T17:01:38.700+0000] {processor.py:840} INFO - DAG(s) 'welcome_dag' retrieved from /opt/airflow/dags/welcome_dag.py
[2024-07-20T17:01:38.743+0000] {logging_mixin.py:188} INFO - [2024-07-20T17:01:38.743+0000] {dag.py:3089} INFO - Sync 1 DAGs
[2024-07-20T17:01:38.783+0000] {logging_mixin.py:188} INFO - [2024-07-20T17:01:38.782+0000] {dag.py:3947} INFO - Setting next_dagrun for welcome_dag to 2024-07-20 17:00:00+00:00, run_after=2024-07-20 17:02:00+00:00
[2024-07-20T17:01:38.853+0000] {processor.py:183} INFO - Processing /opt/airflow/dags/welcome_dag.py took 0.196 seconds
[2024-07-20T17:02:11.964+0000] {processor.py:161} INFO - Started process (PID=308) to work on /opt/airflow/dags/welcome_dag.py
[2024-07-20T17:02:11.966+0000] {processor.py:830} INFO - Processing file /opt/airflow/dags/welcome_dag.py for tasks to queue
[2024-07-20T17:02:11.968+0000] {logging_mixin.py:188} INFO - [2024-07-20T17:02:11.968+0000] {dagbag.py:545} INFO - Filling up the DagBag from /opt/airflow/dags/welcome_dag.py
[2024-07-20T17:02:12.006+0000] {processor.py:840} INFO - DAG(s) 'welcome_dag' retrieved from /opt/airflow/dags/welcome_dag.py
[2024-07-20T17:02:12.053+0000] {logging_mixin.py:188} INFO - [2024-07-20T17:02:12.053+0000] {dag.py:3089} INFO - Sync 1 DAGs
[2024-07-20T17:02:12.093+0000] {logging_mixin.py:188} INFO - [2024-07-20T17:02:12.092+0000] {dag.py:3947} INFO - Setting next_dagrun for welcome_dag to 2024-07-20 17:02:00+00:00, run_after=2024-07-20 17:04:00+00:00
[2024-07-20T17:02:12.169+0000] {processor.py:183} INFO - Processing /opt/airflow/dags/welcome_dag.py took 0.211 seconds
[2024-07-20T17:02:43.419+0000] {processor.py:161} INFO - Started process (PID=318) to work on /opt/airflow/dags/welcome_dag.py
[2024-07-20T17:02:43.420+0000] {processor.py:830} INFO - Processing file /opt/airflow/dags/welcome_dag.py for tasks to queue
[2024-07-20T17:02:43.423+0000] {logging_mixin.py:188} INFO - [2024-07-20T17:02:43.422+0000] {dagbag.py:545} INFO - Filling up the DagBag from /opt/airflow/dags/welcome_dag.py
[2024-07-20T17:02:43.455+0000] {processor.py:840} INFO - DAG(s) 'welcome_dag' retrieved from /opt/airflow/dags/welcome_dag.py
[2024-07-20T17:02:43.500+0000] {logging_mixin.py:188} INFO - [2024-07-20T17:02:43.499+0000] {dag.py:3089} INFO - Sync 1 DAGs
[2024-07-20T17:02:43.538+0000] {logging_mixin.py:188} INFO - [2024-07-20T17:02:43.538+0000] {dag.py:3947} INFO - Setting next_dagrun for welcome_dag to 2024-07-20 17:02:00+00:00, run_after=2024-07-20 17:04:00+00:00
[2024-07-20T17:02:43.634+0000] {processor.py:183} INFO - Processing /opt/airflow/dags/welcome_dag.py took 0.222 seconds
[2024-07-20T17:03:14.831+0000] {processor.py:161} INFO - Started process (PID=319) to work on /opt/airflow/dags/welcome_dag.py
[2024-07-20T17:03:14.833+0000] {processor.py:830} INFO - Processing file /opt/airflow/dags/welcome_dag.py for tasks to queue
[2024-07-20T17:03:14.836+0000] {logging_mixin.py:188} INFO - [2024-07-20T17:03:14.835+0000] {dagbag.py:545} INFO - Filling up the DagBag from /opt/airflow/dags/welcome_dag.py
[2024-07-20T17:03:14.867+0000] {processor.py:840} INFO - DAG(s) 'welcome_dag' retrieved from /opt/airflow/dags/welcome_dag.py
[2024-07-20T17:03:14.909+0000] {logging_mixin.py:188} INFO - [2024-07-20T17:03:14.908+0000] {dag.py:3089} INFO - Sync 1 DAGs
[2024-07-20T17:03:14.950+0000] {logging_mixin.py:188} INFO - [2024-07-20T17:03:14.949+0000] {dag.py:3947} INFO - Setting next_dagrun for welcome_dag to 2024-07-20 17:02:00+00:00, run_after=2024-07-20 17:04:00+00:00
[2024-07-20T17:03:15.022+0000] {processor.py:183} INFO - Processing /opt/airflow/dags/welcome_dag.py took 0.197 seconds
[2024-07-20T17:03:45.335+0000] {processor.py:161} INFO - Started process (PID=320) to work on /opt/airflow/dags/welcome_dag.py
[2024-07-20T17:03:45.336+0000] {processor.py:830} INFO - Processing file /opt/airflow/dags/welcome_dag.py for tasks to queue
[2024-07-20T17:03:45.340+0000] {logging_mixin.py:188} INFO - [2024-07-20T17:03:45.339+0000] {dagbag.py:545} INFO - Filling up the DagBag from /opt/airflow/dags/welcome_dag.py
[2024-07-20T17:03:45.372+0000] {processor.py:840} INFO - DAG(s) 'welcome_dag' retrieved from /opt/airflow/dags/welcome_dag.py
[2024-07-20T17:03:45.415+0000] {logging_mixin.py:188} INFO - [2024-07-20T17:03:45.415+0000] {dag.py:3089} INFO - Sync 1 DAGs
[2024-07-20T17:03:45.452+0000] {logging_mixin.py:188} INFO - [2024-07-20T17:03:45.452+0000] {dag.py:3947} INFO - Setting next_dagrun for welcome_dag to 2024-07-20 17:02:00+00:00, run_after=2024-07-20 17:04:00+00:00
[2024-07-20T17:03:45.538+0000] {processor.py:183} INFO - Processing /opt/airflow/dags/welcome_dag.py took 0.216 seconds
[2024-07-20T17:04:16.836+0000] {processor.py:161} INFO - Started process (PID=348) to work on /opt/airflow/dags/welcome_dag.py
[2024-07-20T17:04:16.838+0000] {processor.py:830} INFO - Processing file /opt/airflow/dags/welcome_dag.py for tasks to queue
[2024-07-20T17:04:16.843+0000] {logging_mixin.py:188} INFO - [2024-07-20T17:04:16.842+0000] {dagbag.py:545} INFO - Filling up the DagBag from /opt/airflow/dags/welcome_dag.py
[2024-07-20T17:04:16.881+0000] {processor.py:840} INFO - DAG(s) 'welcome_dag' retrieved from /opt/airflow/dags/welcome_dag.py
[2024-07-20T17:04:16.927+0000] {logging_mixin.py:188} INFO - [2024-07-20T17:04:16.927+0000] {dag.py:3089} INFO - Sync 1 DAGs
[2024-07-20T17:04:16.970+0000] {logging_mixin.py:188} INFO - [2024-07-20T17:04:16.969+0000] {dag.py:3947} INFO - Setting next_dagrun for welcome_dag to 2024-07-20 17:04:00+00:00, run_after=2024-07-20 17:06:00+00:00
[2024-07-20T17:04:17.050+0000] {processor.py:183} INFO - Processing /opt/airflow/dags/welcome_dag.py took 0.221 seconds
[2024-07-20T17:04:47.593+0000] {processor.py:161} INFO - Started process (PID=349) to work on /opt/airflow/dags/welcome_dag.py
[2024-07-20T17:04:47.594+0000] {processor.py:830} INFO - Processing file /opt/airflow/dags/welcome_dag.py for tasks to queue
[2024-07-20T17:04:47.596+0000] {logging_mixin.py:188} INFO - [2024-07-20T17:04:47.596+0000] {dagbag.py:545} INFO - Filling up the DagBag from /opt/airflow/dags/welcome_dag.py
[2024-07-20T17:04:47.625+0000] {processor.py:840} INFO - DAG(s) 'welcome_dag' retrieved from /opt/airflow/dags/welcome_dag.py
[2024-07-20T17:04:47.667+0000] {logging_mixin.py:188} INFO - [2024-07-20T17:04:47.666+0000] {dag.py:3089} INFO - Sync 1 DAGs
[2024-07-20T17:04:47.706+0000] {logging_mixin.py:188} INFO - [2024-07-20T17:04:47.706+0000] {dag.py:3947} INFO - Setting next_dagrun for welcome_dag to 2024-07-20 17:04:00+00:00, run_after=2024-07-20 17:06:00+00:00
[2024-07-20T17:04:47.783+0000] {processor.py:183} INFO - Processing /opt/airflow/dags/welcome_dag.py took 0.196 seconds
[2024-07-20T17:05:18.660+0000] {processor.py:161} INFO - Started process (PID=350) to work on /opt/airflow/dags/welcome_dag.py
[2024-07-20T17:05:18.662+0000] {processor.py:830} INFO - Processing file /opt/airflow/dags/welcome_dag.py for tasks to queue
[2024-07-20T17:05:18.665+0000] {logging_mixin.py:188} INFO - [2024-07-20T17:05:18.664+0000] {dagbag.py:545} INFO - Filling up the DagBag from /opt/airflow/dags/welcome_dag.py
[2024-07-20T17:05:18.697+0000] {processor.py:840} INFO - DAG(s) 'welcome_dag' retrieved from /opt/airflow/dags/welcome_dag.py
[2024-07-20T17:05:18.739+0000] {logging_mixin.py:188} INFO - [2024-07-20T17:05:18.738+0000] {dag.py:3089} INFO - Sync 1 DAGs
[2024-07-20T17:05:18.777+0000] {logging_mixin.py:188} INFO - [2024-07-20T17:05:18.776+0000] {dag.py:3947} INFO - Setting next_dagrun for welcome_dag to 2024-07-20 17:04:00+00:00, run_after=2024-07-20 17:06:00+00:00
[2024-07-20T17:05:18.845+0000] {processor.py:183} INFO - Processing /opt/airflow/dags/welcome_dag.py took 0.191 seconds
[2024-07-20T17:05:49.941+0000] {processor.py:161} INFO - Started process (PID=351) to work on /opt/airflow/dags/welcome_dag.py
[2024-07-20T17:05:49.943+0000] {processor.py:830} INFO - Processing file /opt/airflow/dags/welcome_dag.py for tasks to queue
[2024-07-20T17:05:49.950+0000] {logging_mixin.py:188} INFO - [2024-07-20T17:05:49.948+0000] {dagbag.py:545} INFO - Filling up the DagBag from /opt/airflow/dags/welcome_dag.py
[2024-07-20T17:05:50.016+0000] {processor.py:840} INFO - DAG(s) 'welcome_dag' retrieved from /opt/airflow/dags/welcome_dag.py
[2024-07-20T17:05:50.071+0000] {logging_mixin.py:188} INFO - [2024-07-20T17:05:50.070+0000] {dag.py:3089} INFO - Sync 1 DAGs
[2024-07-20T17:05:50.120+0000] {logging_mixin.py:188} INFO - [2024-07-20T17:05:50.120+0000] {dag.py:3947} INFO - Setting next_dagrun for welcome_dag to 2024-07-20 17:04:00+00:00, run_after=2024-07-20 17:06:00+00:00
[2024-07-20T17:05:50.215+0000] {processor.py:183} INFO - Processing /opt/airflow/dags/welcome_dag.py took 0.290 seconds
[2024-07-20T17:46:49.691+0000] {processor.py:161} INFO - Started process (PID=355) to work on /opt/airflow/dags/welcome_dag.py
[2024-07-20T17:46:49.693+0000] {processor.py:830} INFO - Processing file /opt/airflow/dags/welcome_dag.py for tasks to queue
[2024-07-20T17:46:49.699+0000] {logging_mixin.py:188} INFO - [2024-07-20T17:46:49.698+0000] {dagbag.py:545} INFO - Filling up the DagBag from /opt/airflow/dags/welcome_dag.py
[2024-07-20T17:46:49.810+0000] {processor.py:840} INFO - DAG(s) 'welcome_dag' retrieved from /opt/airflow/dags/welcome_dag.py
[2024-07-20T17:46:49.928+0000] {logging_mixin.py:188} INFO - [2024-07-20T17:46:49.928+0000] {dag.py:3089} INFO - Sync 1 DAGs
[2024-07-20T17:46:50.070+0000] {logging_mixin.py:188} INFO - [2024-07-20T17:46:50.070+0000] {dag.py:3947} INFO - Setting next_dagrun for welcome_dag to 2024-07-20 17:44:00+00:00, run_after=2024-07-20 17:46:00+00:00
[2024-07-20T17:46:50.472+0000] {processor.py:183} INFO - Processing /opt/airflow/dags/welcome_dag.py took 0.871 seconds
[2024-07-20T17:47:21.696+0000] {processor.py:161} INFO - Started process (PID=383) to work on /opt/airflow/dags/welcome_dag.py
[2024-07-20T17:47:21.698+0000] {processor.py:830} INFO - Processing file /opt/airflow/dags/welcome_dag.py for tasks to queue
[2024-07-20T17:47:21.703+0000] {logging_mixin.py:188} INFO - [2024-07-20T17:47:21.702+0000] {dagbag.py:545} INFO - Filling up the DagBag from /opt/airflow/dags/welcome_dag.py
[2024-07-20T17:47:21.803+0000] {processor.py:840} INFO - DAG(s) 'welcome_dag' retrieved from /opt/airflow/dags/welcome_dag.py
[2024-07-20T17:47:21.899+0000] {logging_mixin.py:188} INFO - [2024-07-20T17:47:21.899+0000] {dag.py:3089} INFO - Sync 1 DAGs
[2024-07-20T17:47:21.958+0000] {logging_mixin.py:188} INFO - [2024-07-20T17:47:21.957+0000] {dag.py:3947} INFO - Setting next_dagrun for welcome_dag to 2024-07-20 17:46:00+00:00, run_after=2024-07-20 17:48:00+00:00
[2024-07-20T17:47:22.087+0000] {processor.py:183} INFO - Processing /opt/airflow/dags/welcome_dag.py took 0.406 seconds
[2024-07-20T17:47:52.832+0000] {processor.py:161} INFO - Started process (PID=384) to work on /opt/airflow/dags/welcome_dag.py
[2024-07-20T17:47:52.834+0000] {processor.py:830} INFO - Processing file /opt/airflow/dags/welcome_dag.py for tasks to queue
[2024-07-20T17:47:52.838+0000] {logging_mixin.py:188} INFO - [2024-07-20T17:47:52.838+0000] {dagbag.py:545} INFO - Filling up the DagBag from /opt/airflow/dags/welcome_dag.py
[2024-07-20T17:47:52.896+0000] {processor.py:840} INFO - DAG(s) 'welcome_dag' retrieved from /opt/airflow/dags/welcome_dag.py
[2024-07-20T17:47:52.957+0000] {logging_mixin.py:188} INFO - [2024-07-20T17:47:52.956+0000] {dag.py:3089} INFO - Sync 1 DAGs
[2024-07-20T17:47:53.080+0000] {logging_mixin.py:188} INFO - [2024-07-20T17:47:53.079+0000] {dag.py:3947} INFO - Setting next_dagrun for welcome_dag to 2024-07-20 17:46:00+00:00, run_after=2024-07-20 17:48:00+00:00
[2024-07-20T17:47:53.206+0000] {processor.py:183} INFO - Processing /opt/airflow/dags/welcome_dag.py took 0.385 seconds
[2024-07-20T17:48:29.898+0000] {processor.py:161} INFO - Started process (PID=412) to work on /opt/airflow/dags/welcome_dag.py
[2024-07-20T17:48:29.901+0000] {processor.py:830} INFO - Processing file /opt/airflow/dags/welcome_dag.py for tasks to queue
[2024-07-20T17:48:29.906+0000] {logging_mixin.py:188} INFO - [2024-07-20T17:48:29.905+0000] {dagbag.py:545} INFO - Filling up the DagBag from /opt/airflow/dags/welcome_dag.py
[2024-07-20T17:48:29.986+0000] {processor.py:840} INFO - DAG(s) 'welcome_dag' retrieved from /opt/airflow/dags/welcome_dag.py
[2024-07-20T17:48:30.047+0000] {logging_mixin.py:188} INFO - [2024-07-20T17:48:30.047+0000] {dag.py:3089} INFO - Sync 1 DAGs
[2024-07-20T17:48:30.121+0000] {logging_mixin.py:188} INFO - [2024-07-20T17:48:30.121+0000] {dag.py:3947} INFO - Setting next_dagrun for welcome_dag to 2024-07-20 17:48:00+00:00, run_after=2024-07-20 17:50:00+00:00
[2024-07-20T17:48:30.276+0000] {processor.py:183} INFO - Processing /opt/airflow/dags/welcome_dag.py took 0.394 seconds
[2024-07-20T17:49:00.545+0000] {processor.py:161} INFO - Started process (PID=413) to work on /opt/airflow/dags/welcome_dag.py
[2024-07-20T17:49:00.547+0000] {processor.py:830} INFO - Processing file /opt/airflow/dags/welcome_dag.py for tasks to queue
[2024-07-20T17:49:00.553+0000] {logging_mixin.py:188} INFO - [2024-07-20T17:49:00.552+0000] {dagbag.py:545} INFO - Filling up the DagBag from /opt/airflow/dags/welcome_dag.py
[2024-07-20T17:49:00.635+0000] {processor.py:840} INFO - DAG(s) 'welcome_dag' retrieved from /opt/airflow/dags/welcome_dag.py
[2024-07-20T17:49:00.711+0000] {logging_mixin.py:188} INFO - [2024-07-20T17:49:00.710+0000] {dag.py:3089} INFO - Sync 1 DAGs
[2024-07-20T17:49:00.826+0000] {logging_mixin.py:188} INFO - [2024-07-20T17:49:00.826+0000] {dag.py:3947} INFO - Setting next_dagrun for welcome_dag to 2024-07-20 17:48:00+00:00, run_after=2024-07-20 17:50:00+00:00
[2024-07-20T17:49:00.987+0000] {processor.py:183} INFO - Processing /opt/airflow/dags/welcome_dag.py took 0.456 seconds
[2024-07-20T17:49:31.881+0000] {processor.py:161} INFO - Started process (PID=414) to work on /opt/airflow/dags/welcome_dag.py
[2024-07-20T17:49:31.883+0000] {processor.py:830} INFO - Processing file /opt/airflow/dags/welcome_dag.py for tasks to queue
[2024-07-20T17:49:31.888+0000] {logging_mixin.py:188} INFO - [2024-07-20T17:49:31.887+0000] {dagbag.py:545} INFO - Filling up the DagBag from /opt/airflow/dags/welcome_dag.py
[2024-07-20T17:49:31.959+0000] {processor.py:840} INFO - DAG(s) 'welcome_dag' retrieved from /opt/airflow/dags/welcome_dag.py
[2024-07-20T17:49:32.079+0000] {logging_mixin.py:188} INFO - [2024-07-20T17:49:32.079+0000] {dag.py:3089} INFO - Sync 1 DAGs
[2024-07-20T17:49:32.160+0000] {logging_mixin.py:188} INFO - [2024-07-20T17:49:32.159+0000] {dag.py:3947} INFO - Setting next_dagrun for welcome_dag to 2024-07-20 17:48:00+00:00, run_after=2024-07-20 17:50:00+00:00
[2024-07-20T17:49:32.311+0000] {processor.py:183} INFO - Processing /opt/airflow/dags/welcome_dag.py took 0.444 seconds
[2024-07-20T17:50:08.408+0000] {processor.py:161} INFO - Started process (PID=424) to work on /opt/airflow/dags/welcome_dag.py
[2024-07-20T17:50:08.409+0000] {processor.py:830} INFO - Processing file /opt/airflow/dags/welcome_dag.py for tasks to queue
[2024-07-20T17:50:08.412+0000] {logging_mixin.py:188} INFO - [2024-07-20T17:50:08.411+0000] {dagbag.py:545} INFO - Filling up the DagBag from /opt/airflow/dags/welcome_dag.py
[2024-07-20T17:50:08.451+0000] {processor.py:840} INFO - DAG(s) 'welcome_dag' retrieved from /opt/airflow/dags/welcome_dag.py
[2024-07-20T17:50:08.499+0000] {logging_mixin.py:188} INFO - [2024-07-20T17:50:08.499+0000] {dag.py:3089} INFO - Sync 1 DAGs
[2024-07-20T17:50:08.545+0000] {logging_mixin.py:188} INFO - [2024-07-20T17:50:08.545+0000] {dag.py:3947} INFO - Setting next_dagrun for welcome_dag to 2024-07-20 17:50:00+00:00, run_after=2024-07-20 17:52:00+00:00
[2024-07-20T17:50:08.643+0000] {processor.py:183} INFO - Processing /opt/airflow/dags/welcome_dag.py took 0.243 seconds
[2024-07-20T17:50:39.467+0000] {processor.py:161} INFO - Started process (PID=443) to work on /opt/airflow/dags/welcome_dag.py
[2024-07-20T17:50:39.470+0000] {processor.py:830} INFO - Processing file /opt/airflow/dags/welcome_dag.py for tasks to queue
[2024-07-20T17:50:39.473+0000] {logging_mixin.py:188} INFO - [2024-07-20T17:50:39.472+0000] {dagbag.py:545} INFO - Filling up the DagBag from /opt/airflow/dags/welcome_dag.py
[2024-07-20T17:50:39.529+0000] {processor.py:840} INFO - DAG(s) 'welcome_dag' retrieved from /opt/airflow/dags/welcome_dag.py
[2024-07-20T17:50:39.585+0000] {logging_mixin.py:188} INFO - [2024-07-20T17:50:39.584+0000] {dag.py:3089} INFO - Sync 1 DAGs
[2024-07-20T17:50:39.635+0000] {logging_mixin.py:188} INFO - [2024-07-20T17:50:39.635+0000] {dag.py:3947} INFO - Setting next_dagrun for welcome_dag to 2024-07-20 17:50:00+00:00, run_after=2024-07-20 17:52:00+00:00
[2024-07-20T17:50:39.756+0000] {processor.py:183} INFO - Processing /opt/airflow/dags/welcome_dag.py took 0.300 seconds
[2024-07-20T17:51:10.217+0000] {processor.py:161} INFO - Started process (PID=444) to work on /opt/airflow/dags/welcome_dag.py
[2024-07-20T17:51:10.219+0000] {processor.py:830} INFO - Processing file /opt/airflow/dags/welcome_dag.py for tasks to queue
[2024-07-20T17:51:10.224+0000] {logging_mixin.py:188} INFO - [2024-07-20T17:51:10.223+0000] {dagbag.py:545} INFO - Filling up the DagBag from /opt/airflow/dags/welcome_dag.py
[2024-07-20T17:51:10.314+0000] {processor.py:840} INFO - DAG(s) 'welcome_dag' retrieved from /opt/airflow/dags/welcome_dag.py
[2024-07-20T17:51:10.392+0000] {logging_mixin.py:188} INFO - [2024-07-20T17:51:10.391+0000] {dag.py:3089} INFO - Sync 1 DAGs
[2024-07-20T17:51:10.440+0000] {logging_mixin.py:188} INFO - [2024-07-20T17:51:10.440+0000] {dag.py:3947} INFO - Setting next_dagrun for welcome_dag to 2024-07-20 17:50:00+00:00, run_after=2024-07-20 17:52:00+00:00
[2024-07-20T17:51:10.578+0000] {processor.py:183} INFO - Processing /opt/airflow/dags/welcome_dag.py took 0.372 seconds
[2024-07-20T17:51:41.077+0000] {processor.py:161} INFO - Started process (PID=445) to work on /opt/airflow/dags/welcome_dag.py
[2024-07-20T17:51:41.080+0000] {processor.py:830} INFO - Processing file /opt/airflow/dags/welcome_dag.py for tasks to queue
[2024-07-20T17:51:41.087+0000] {logging_mixin.py:188} INFO - [2024-07-20T17:51:41.085+0000] {dagbag.py:545} INFO - Filling up the DagBag from /opt/airflow/dags/welcome_dag.py
[2024-07-20T17:51:41.167+0000] {processor.py:840} INFO - DAG(s) 'welcome_dag' retrieved from /opt/airflow/dags/welcome_dag.py
[2024-07-20T17:51:41.234+0000] {logging_mixin.py:188} INFO - [2024-07-20T17:51:41.233+0000] {dag.py:3089} INFO - Sync 1 DAGs
[2024-07-20T17:51:41.299+0000] {logging_mixin.py:188} INFO - [2024-07-20T17:51:41.299+0000] {dag.py:3947} INFO - Setting next_dagrun for welcome_dag to 2024-07-20 17:50:00+00:00, run_after=2024-07-20 17:52:00+00:00
[2024-07-20T17:51:41.522+0000] {processor.py:183} INFO - Processing /opt/airflow/dags/welcome_dag.py took 0.466 seconds
[2024-07-20T17:52:16.244+0000] {processor.py:161} INFO - Started process (PID=464) to work on /opt/airflow/dags/welcome_dag.py
[2024-07-20T17:52:16.247+0000] {processor.py:830} INFO - Processing file /opt/airflow/dags/welcome_dag.py for tasks to queue
[2024-07-20T17:52:16.252+0000] {logging_mixin.py:188} INFO - [2024-07-20T17:52:16.251+0000] {dagbag.py:545} INFO - Filling up the DagBag from /opt/airflow/dags/welcome_dag.py
[2024-07-20T17:52:16.324+0000] {processor.py:840} INFO - DAG(s) 'welcome_dag' retrieved from /opt/airflow/dags/welcome_dag.py
[2024-07-20T17:52:16.384+0000] {logging_mixin.py:188} INFO - [2024-07-20T17:52:16.383+0000] {dag.py:3089} INFO - Sync 1 DAGs
[2024-07-20T17:52:16.435+0000] {logging_mixin.py:188} INFO - [2024-07-20T17:52:16.435+0000] {dag.py:3947} INFO - Setting next_dagrun for welcome_dag to 2024-07-20 17:52:00+00:00, run_after=2024-07-20 17:54:00+00:00
[2024-07-20T17:52:16.627+0000] {processor.py:183} INFO - Processing /opt/airflow/dags/welcome_dag.py took 0.398 seconds
[2024-07-20T17:52:47.659+0000] {processor.py:161} INFO - Started process (PID=474) to work on /opt/airflow/dags/welcome_dag.py
[2024-07-20T17:52:47.662+0000] {processor.py:830} INFO - Processing file /opt/airflow/dags/welcome_dag.py for tasks to queue
[2024-07-20T17:52:47.666+0000] {logging_mixin.py:188} INFO - [2024-07-20T17:52:47.666+0000] {dagbag.py:545} INFO - Filling up the DagBag from /opt/airflow/dags/welcome_dag.py
[2024-07-20T17:52:47.724+0000] {processor.py:840} INFO - DAG(s) 'welcome_dag' retrieved from /opt/airflow/dags/welcome_dag.py
[2024-07-20T17:52:47.774+0000] {logging_mixin.py:188} INFO - [2024-07-20T17:52:47.773+0000] {dag.py:3089} INFO - Sync 1 DAGs
[2024-07-20T17:52:47.822+0000] {logging_mixin.py:188} INFO - [2024-07-20T17:52:47.822+0000] {dag.py:3947} INFO - Setting next_dagrun for welcome_dag to 2024-07-20 17:52:00+00:00, run_after=2024-07-20 17:54:00+00:00
[2024-07-20T17:52:48.002+0000] {processor.py:183} INFO - Processing /opt/airflow/dags/welcome_dag.py took 0.360 seconds
